<?xml version="1.0" encoding="UTF-8"?>
<testng-results ignored="0" total="1" passed="1" failed="0" skipped="0">
  <reporter-output>
  </reporter-output>
  <suite started-at="2023-09-04T09:24:21 IST" name="Suite" finished-at="2023-09-04T09:25:43 IST" duration-ms="81302">
    <groups>
    </groups>
    <test started-at="2023-09-04T09:24:21 IST" name="Test" finished-at="2023-09-04T09:25:43 IST" duration-ms="81302">
      <class name="TestCases.AirBooking">
        <test-method is-config="true" signature="setup()[pri:0, instance:TestCases.AirBooking@42e99e4a]" started-at="2023-09-04T09:24:21 IST" name="setup" finished-at="2023-09-04T09:24:25 IST" duration-ms="3210" status="PASS">
          <reporter-output>
          </reporter-output>
        </test-method> <!-- setup -->
        <test-method signature="tc1_bookCostliestFlight()[pri:0, instance:TestCases.AirBooking@42e99e4a]" started-at="2023-09-04T09:24:25 IST" name="tc1_bookCostliestFlight" finished-at="2023-09-04T09:25:43 IST" duration-ms="77973" status="PASS">
          <reporter-output>
          </reporter-output>
        </test-method> <!-- tc1_bookCostliestFlight -->
        <test-method is-config="true" signature="tearDown()[pri:0, instance:TestCases.AirBooking@42e99e4a]" started-at="2023-09-04T09:25:43 IST" name="tearDown" finished-at="2023-09-04T09:25:43 IST" duration-ms="87" status="PASS">
          <reporter-output>
          </reporter-output>
        </test-method> <!-- tearDown -->
      </class> <!-- TestCases.AirBooking -->
    </test> <!-- Test -->
  </suite> <!-- Suite -->
</testng-results>
