<?xml version="1.0" encoding="UTF-8"?>
<testng-results ignored="0" total="1" passed="1" failed="0" skipped="0">
  <reporter-output>
  </reporter-output>
  <suite started-at="2023-08-20T13:56:43 IST" name="Default suite" finished-at="2023-08-20T13:58:05 IST" duration-ms="81418">
    <groups>
    </groups>
    <test started-at="2023-08-20T13:56:43 IST" name="Default test" finished-at="2023-08-20T13:58:05 IST" duration-ms="81418">
      <class name="TestCases.AirBooking">
        <test-method is-config="true" signature="setup()[pri:0, instance:TestCases.AirBooking@4218d6a3]" started-at="2023-08-20T13:56:43 IST" name="setup" finished-at="2023-08-20T13:56:46 IST" duration-ms="2888" status="PASS">
          <reporter-output>
          </reporter-output>
        </test-method> <!-- setup -->
        <test-method signature="loginApplication()[pri:0, instance:TestCases.AirBooking@4218d6a3]" started-at="2023-08-20T13:56:46 IST" name="loginApplication" finished-at="2023-08-20T13:58:05 IST" duration-ms="78426" status="PASS">
          <reporter-output>
          </reporter-output>
        </test-method> <!-- loginApplication -->
        <test-method is-config="true" signature="tearDown()[pri:0, instance:TestCases.AirBooking@4218d6a3]" started-at="2023-08-20T13:58:05 IST" name="tearDown" finished-at="2023-08-20T13:58:05 IST" duration-ms="75" status="PASS">
          <reporter-output>
          </reporter-output>
        </test-method> <!-- tearDown -->
      </class> <!-- TestCases.AirBooking -->
    </test> <!-- Default test -->
  </suite> <!-- Default suite -->
</testng-results>
