<?xml version="1.0" encoding="UTF-8"?>
<testng-results ignored="0" total="1" passed="1" failed="0" skipped="0">
  <reporter-output>
  </reporter-output>
  <suite started-at="2023-09-04T08:51:10 IST" name="Suite" finished-at="2023-09-04T08:52:32 IST" duration-ms="82126">
    <groups>
    </groups>
    <test started-at="2023-09-04T08:51:10 IST" name="Test" finished-at="2023-09-04T08:52:32 IST" duration-ms="82126">
      <class name="TestCases.AirBooking">
        <test-method is-config="true" signature="setup()[pri:0, instance:TestCases.AirBooking@397fbdb]" started-at="2023-09-04T08:51:10 IST" name="setup" finished-at="2023-09-04T08:51:14 IST" duration-ms="4140" status="PASS">
          <reporter-output>
          </reporter-output>
        </test-method> <!-- setup -->
        <test-method signature="tc1_bookCostliestFlight()[pri:0, instance:TestCases.AirBooking@397fbdb]" started-at="2023-09-04T08:51:14 IST" name="tc1_bookCostliestFlight" finished-at="2023-09-04T08:52:32 IST" duration-ms="77867" status="PASS">
          <reporter-output>
          </reporter-output>
        </test-method> <!-- tc1_bookCostliestFlight -->
        <test-method is-config="true" signature="tearDown()[pri:0, instance:TestCases.AirBooking@397fbdb]" started-at="2023-09-04T08:52:32 IST" name="tearDown" finished-at="2023-09-04T08:52:32 IST" duration-ms="80" status="PASS">
          <reporter-output>
          </reporter-output>
        </test-method> <!-- tearDown -->
      </class> <!-- TestCases.AirBooking -->
    </test> <!-- Test -->
  </suite> <!-- Suite -->
</testng-results>
